{
  "0 debug pnpm:scope": {
    "selected": 1
  },
  "1 info pnpm": {
    "err": {
      "name": "Error",
      "message": "not found: insya",
      "code": "ENOENT",
      "stack": "Error: not found: insya\n    at getNotFoundError (/home/ninabreznik/.npm-global/lib/node_modules/pnpm/dist/pnpm.cjs:41555:51)\n    at Function.whichSync [as sync] (/home/ninabreznik/.npm-global/lib/node_modules/pnpm/dist/pnpm.cjs:41632:13)\n    at getCommandAbsolutePathSync (/home/ninabreznik/.npm-global/lib/node_modules/pnpm/dist/pnpm.cjs:43197:44)\n    at default_1 (/home/ninabreznik/.npm-global/lib/node_modules/pnpm/dist/pnpm.cjs:43206:32)\n    at /home/ninabreznik/.npm-global/lib/node_modules/pnpm/dist/pnpm.cjs:178093:39"
    }
  },
  "2 error pnpm": {
    "code": "ERR_PNPM_RECURSIVE_EXEC_FIRST_FAIL",
    "prefix": "/home/ninabreznik/Documents/code/play/datdot/ui/datdot-ui-list",
    "err": {
      "name": "pnpm",
      "message": "not found: insya",
      "code": "ERR_PNPM_RECURSIVE_EXEC_FIRST_FAIL",
      "stack": "Error: not found: insya\n    at getNotFoundError (/home/ninabreznik/.npm-global/lib/node_modules/pnpm/dist/pnpm.cjs:41555:51)\n    at Function.whichSync [as sync] (/home/ninabreznik/.npm-global/lib/node_modules/pnpm/dist/pnpm.cjs:41632:13)\n    at getCommandAbsolutePathSync (/home/ninabreznik/.npm-global/lib/node_modules/pnpm/dist/pnpm.cjs:43197:44)\n    at default_1 (/home/ninabreznik/.npm-global/lib/node_modules/pnpm/dist/pnpm.cjs:43206:32)\n    at /home/ninabreznik/.npm-global/lib/node_modules/pnpm/dist/pnpm.cjs:178093:39"
    }
  }
}